Analysis & Synthesis report for full_subtractor
Sun Aug 17 22:08:18 2025
Quartus Prime Version 20.1.1 Build 720 11/11/2020 SJ Lite Edition


---------------------
; Table of Contents ;
---------------------
  1. Legal Notice
  2. Analysis & Synthesis Summary
  3. Analysis & Synthesis Settings
  4. Parallel Compilation
  5. Analysis & Synthesis Source Files Read
  6. Analysis & Synthesis Resource Usage Summary
  7. Analysis & Synthesis Resource Utilization by Entity
  8. General Register Statistics
  9. Port Connectivity Checks: "subtractor_4bit:SUB4|subtractor_1bit:SUB0|full_adder:FA"
 10. Port Connectivity Checks: "subtractor_4bit:SUB4"
 11. Post-Synthesis Netlist Statistics for Top Partition
 12. Elapsed Time Per Partition
 13. Analysis & Synthesis Messages



----------------
; Legal Notice ;
----------------
Copyright (C) 2020  Intel Corporation. All rights reserved.
Your use of Intel Corporation's design tools, logic functions 
and other software and tools, and any partner logic 
functions, and any output files from any of the foregoing 
(including device programming or simulation files), and any 
associated documentation or information are expressly subject 
to the terms and conditions of the Intel Program License 
Subscription Agreement, the Intel Quartus Prime License Agreement,
the Intel FPGA IP License Agreement, or other applicable license
agreement, including, without limitation, that your use is for
the sole purpose of programming logic devices manufactured by
Intel and sold by Intel or its authorized distributors.  Please
refer to the applicable agreement for further details, at
https://fpgasoftware.intel.com/eula.



+-------------------------------------------------------------------------------+
; Analysis & Synthesis Summary                                                  ;
+---------------------------------+---------------------------------------------+
; Analysis & Synthesis Status     ; Successful - Sun Aug 17 22:08:18 2025       ;
; Quartus Prime Version           ; 20.1.1 Build 720 11/11/2020 SJ Lite Edition ;
; Revision Name                   ; full_subtractor                             ;
; Top-level Entity Name           ; top_subtractor_fpga                         ;
; Family                          ; Cyclone V                                   ;
; Logic utilization (in ALMs)     ; N/A                                         ;
; Total registers                 ; 0                                           ;
; Total pins                      ; 30                                          ;
; Total virtual pins              ; 0                                           ;
; Total block memory bits         ; 0                                           ;
; Total DSP Blocks                ; 0                                           ;
; Total HSSI RX PCSs              ; 0                                           ;
; Total HSSI PMA RX Deserializers ; 0                                           ;
; Total HSSI TX PCSs              ; 0                                           ;
; Total HSSI PMA TX Serializers   ; 0                                           ;
; Total PLLs                      ; 0                                           ;
; Total DLLs                      ; 0                                           ;
+---------------------------------+---------------------------------------------+


+----------------------------------------------------------------------------------------------------------------------------+
; Analysis & Synthesis Settings                                                                                              ;
+---------------------------------------------------------------------------------+---------------------+--------------------+
; Option                                                                          ; Setting             ; Default Value      ;
+---------------------------------------------------------------------------------+---------------------+--------------------+
; Device                                                                          ; 5CSXFC6D6F31C6      ;                    ;
; Top-level entity name                                                           ; top_subtractor_fpga ; full_subtractor    ;
; Family name                                                                     ; Cyclone V           ; Cyclone V          ;
; Use smart compilation                                                           ; Off                 ; Off                ;
; Enable parallel Assembler and Timing Analyzer during compilation                ; On                  ; On                 ;
; Enable compact report table                                                     ; Off                 ; Off                ;
; Restructure Multiplexers                                                        ; Auto                ; Auto               ;
; MLAB Add Timing Constraints For Mixed-Port Feed-Through Mode Setting Don't Care ; Off                 ; Off                ;
; Create Debugging Nodes for IP Cores                                             ; Off                 ; Off                ;
; Preserve fewer node names                                                       ; On                  ; On                 ;
; Intel FPGA IP Evaluation Mode                                                   ; Enable              ; Enable             ;
; Verilog Version                                                                 ; Verilog_2001        ; Verilog_2001       ;
; VHDL Version                                                                    ; VHDL_1993           ; VHDL_1993          ;
; State Machine Processing                                                        ; Auto                ; Auto               ;
; Safe State Machine                                                              ; Off                 ; Off                ;
; Extract Verilog State Machines                                                  ; On                  ; On                 ;
; Extract VHDL State Machines                                                     ; On                  ; On                 ;
; Ignore Verilog initial constructs                                               ; Off                 ; Off                ;
; Iteration limit for constant Verilog loops                                      ; 5000                ; 5000               ;
; Iteration limit for non-constant Verilog loops                                  ; 250                 ; 250                ;
; Add Pass-Through Logic to Inferred RAMs                                         ; On                  ; On                 ;
; Infer RAMs from Raw Logic                                                       ; On                  ; On                 ;
; Parallel Synthesis                                                              ; On                  ; On                 ;
; DSP Block Balancing                                                             ; Auto                ; Auto               ;
; NOT Gate Push-Back                                                              ; On                  ; On                 ;
; Power-Up Don't Care                                                             ; On                  ; On                 ;
; Remove Redundant Logic Cells                                                    ; Off                 ; Off                ;
; Remove Duplicate Registers                                                      ; On                  ; On                 ;
; Ignore CARRY Buffers                                                            ; Off                 ; Off                ;
; Ignore CASCADE Buffers                                                          ; Off                 ; Off                ;
; Ignore GLOBAL Buffers                                                           ; Off                 ; Off                ;
; Ignore ROW GLOBAL Buffers                                                       ; Off                 ; Off                ;
; Ignore LCELL Buffers                                                            ; Off                 ; Off                ;
; Ignore SOFT Buffers                                                             ; On                  ; On                 ;
; Limit AHDL Integers to 32 Bits                                                  ; Off                 ; Off                ;
; Optimization Technique                                                          ; Balanced            ; Balanced           ;
; Carry Chain Length                                                              ; 70                  ; 70                 ;
; Auto Carry Chains                                                               ; On                  ; On                 ;
; Auto Open-Drain Pins                                                            ; On                  ; On                 ;
; Perform WYSIWYG Primitive Resynthesis                                           ; Off                 ; Off                ;
; Auto ROM Replacement                                                            ; On                  ; On                 ;
; Auto RAM Replacement                                                            ; On                  ; On                 ;
; Auto DSP Block Replacement                                                      ; On                  ; On                 ;
; Auto Shift Register Replacement                                                 ; Auto                ; Auto               ;
; Allow Shift Register Merging across Hierarchies                                 ; Auto                ; Auto               ;
; Auto Clock Enable Replacement                                                   ; On                  ; On                 ;
; Strict RAM Replacement                                                          ; Off                 ; Off                ;
; Allow Synchronous Control Signals                                               ; On                  ; On                 ;
; Force Use of Synchronous Clear Signals                                          ; Off                 ; Off                ;
; Auto Resource Sharing                                                           ; Off                 ; Off                ;
; Allow Any RAM Size For Recognition                                              ; Off                 ; Off                ;
; Allow Any ROM Size For Recognition                                              ; Off                 ; Off                ;
; Allow Any Shift Register Size For Recognition                                   ; Off                 ; Off                ;
; Use LogicLock Constraints during Resource Balancing                             ; On                  ; On                 ;
; Ignore translate_off and synthesis_off directives                               ; Off                 ; Off                ;
; Timing-Driven Synthesis                                                         ; On                  ; On                 ;
; Report Parameter Settings                                                       ; On                  ; On                 ;
; Report Source Assignments                                                       ; On                  ; On                 ;
; Report Connectivity Checks                                                      ; On                  ; On                 ;
; Ignore Maximum Fan-Out Assignments                                              ; Off                 ; Off                ;
; Synchronization Register Chain Length                                           ; 3                   ; 3                  ;
; Power Optimization During Synthesis                                             ; Normal compilation  ; Normal compilation ;
; HDL message level                                                               ; Level2              ; Level2             ;
; Suppress Register Optimization Related Messages                                 ; Off                 ; Off                ;
; Number of Removed Registers Reported in Synthesis Report                        ; 5000                ; 5000               ;
; Number of Swept Nodes Reported in Synthesis Report                              ; 5000                ; 5000               ;
; Number of Inverted Registers Reported in Synthesis Report                       ; 100                 ; 100                ;
; Clock MUX Protection                                                            ; On                  ; On                 ;
; Auto Gated Clock Conversion                                                     ; Off                 ; Off                ;
; Block Design Naming                                                             ; Auto                ; Auto               ;
; SDC constraint protection                                                       ; Off                 ; Off                ;
; Synthesis Effort                                                                ; Auto                ; Auto               ;
; Shift Register Replacement - Allow Asynchronous Clear Signal                    ; On                  ; On                 ;
; Pre-Mapping Resynthesis Optimization                                            ; Off                 ; Off                ;
; Analysis & Synthesis Message Level                                              ; Medium              ; Medium             ;
; Disable Register Merging Across Hierarchies                                     ; Auto                ; Auto               ;
; Resource Aware Inference For Block RAM                                          ; On                  ; On                 ;
; Automatic Parallel Synthesis                                                    ; On                  ; On                 ;
; Partial Reconfiguration Bitstream ID                                            ; Off                 ; Off                ;
+---------------------------------------------------------------------------------+---------------------+--------------------+


+------------------------------------------+
; Parallel Compilation                     ;
+----------------------------+-------------+
; Processors                 ; Number      ;
+----------------------------+-------------+
; Number detected on machine ; 16          ;
; Maximum allowed            ; 10          ;
;                            ;             ;
; Average used               ; 1.00        ;
; Maximum used               ; 1           ;
;                            ;             ;
; Usage by Processor         ; % Time Used ;
;     Processor 1            ; 100.0%      ;
+----------------------------+-------------+


+----------------------------------------------------------------------------------------------------------------------------------------------------------------------------------------------------+
; Analysis & Synthesis Source Files Read                                                                                                                                                             ;
+----------------------------------+-----------------+-----------------+-------------------------------------------------------------------------------------------------------------------+---------+
; File Name with User-Entered Path ; Used in Netlist ; File Type       ; File Name with Absolute Path                                                                                      ; Library ;
+----------------------------------+-----------------+-----------------+-------------------------------------------------------------------------------------------------------------------+---------+
; full_adder.vhd                   ; yes             ; User VHDL File  ; C:/Users/gonza/Desktop/lab1 taller/mgonzalez_balpizar_digital_design-_lab_2025/Pregunta 2/full_adder.vhd          ;         ;
; subtractor_1bit.vhd              ; yes             ; User VHDL File  ; C:/Users/gonza/Desktop/lab1 taller/mgonzalez_balpizar_digital_design-_lab_2025/Pregunta 2/subtractor_1bit.vhd     ;         ;
; subtractor_4bit.vhd              ; yes             ; User VHDL File  ; C:/Users/gonza/Desktop/lab1 taller/mgonzalez_balpizar_digital_design-_lab_2025/Pregunta 2/subtractor_4bit.vhd     ;         ;
; display_7seg.vhd                 ; yes             ; User VHDL File  ; C:/Users/gonza/Desktop/lab1 taller/mgonzalez_balpizar_digital_design-_lab_2025/Pregunta 2/display_7seg.vhd        ;         ;
; top_subtractor_fpga.vhd          ; yes             ; User VHDL File  ; C:/Users/gonza/Desktop/lab1 taller/mgonzalez_balpizar_digital_design-_lab_2025/Pregunta 2/top_subtractor_fpga.vhd ;         ;
+----------------------------------+-----------------+-----------------+-------------------------------------------------------------------------------------------------------------------+---------+


+---------------------------------------------------------------------------------------------------------+
; Analysis & Synthesis Resource Usage Summary                                                             ;
+---------------------------------------------+-----------------------------------------------------------+
; Resource                                    ; Usage                                                     ;
+---------------------------------------------+-----------------------------------------------------------+
; Estimate of Logic utilization (ALMs needed) ; 10                                                        ;
;                                             ;                                                           ;
; Combinational ALUT usage for logic          ; 16                                                        ;
;     -- 7 input functions                    ; 0                                                         ;
;     -- 6 input functions                    ; 4                                                         ;
;     -- 5 input functions                    ; 1                                                         ;
;     -- 4 input functions                    ; 8                                                         ;
;     -- <=3 input functions                  ; 3                                                         ;
;                                             ;                                                           ;
; Dedicated logic registers                   ; 0                                                         ;
;                                             ;                                                           ;
; I/O pins                                    ; 30                                                        ;
;                                             ;                                                           ;
; Total DSP Blocks                            ; 0                                                         ;
;                                             ;                                                           ;
; Maximum fan-out node                        ; subtractor_4bit:SUB4|subtractor_1bit:SUB0|full_adder:FA|p ;
; Maximum fan-out                             ; 11                                                        ;
; Total fan-out                               ; 120                                                       ;
; Average fan-out                             ; 1.58                                                      ;
+---------------------------------------------+-----------------------------------------------------------+


+-----------------------------------------------------------------------------------------------------------------------------------------------------------------------------------------------------------------------------------------------------------+
; Analysis & Synthesis Resource Utilization by Entity                                                                                                                                                                                                       ;
+------------------------------+---------------------+---------------------------+-------------------+------------+------+--------------+------------------------------------------------------------------------------+---------------------+--------------+
; Compilation Hierarchy Node   ; Combinational ALUTs ; Dedicated Logic Registers ; Block Memory Bits ; DSP Blocks ; Pins ; Virtual Pins ; Full Hierarchy Name                                                          ; Entity Name         ; Library Name ;
+------------------------------+---------------------+---------------------------+-------------------+------------+------+--------------+------------------------------------------------------------------------------+---------------------+--------------+
; |top_subtractor_fpga         ; 16 (0)              ; 0 (0)                     ; 0                 ; 0          ; 30   ; 0            ; |top_subtractor_fpga                                                         ; top_subtractor_fpga ; work         ;
;    |display_7seg:DISP|       ; 10 (10)             ; 0 (0)                     ; 0                 ; 0          ; 0    ; 0            ; |top_subtractor_fpga|display_7seg:DISP                                       ; display_7seg        ; work         ;
;    |subtractor_4bit:SUB4|    ; 6 (0)               ; 0 (0)                     ; 0                 ; 0          ; 0    ; 0            ; |top_subtractor_fpga|subtractor_4bit:SUB4                                    ; subtractor_4bit     ; work         ;
;       |subtractor_1bit:SUB0| ; 1 (0)               ; 0 (0)                     ; 0                 ; 0          ; 0    ; 0            ; |top_subtractor_fpga|subtractor_4bit:SUB4|subtractor_1bit:SUB0               ; subtractor_1bit     ; work         ;
;          |full_adder:FA|     ; 1 (1)               ; 0 (0)                     ; 0                 ; 0          ; 0    ; 0            ; |top_subtractor_fpga|subtractor_4bit:SUB4|subtractor_1bit:SUB0|full_adder:FA ; full_adder          ; work         ;
;       |subtractor_1bit:SUB1| ; 1 (0)               ; 0 (0)                     ; 0                 ; 0          ; 0    ; 0            ; |top_subtractor_fpga|subtractor_4bit:SUB4|subtractor_1bit:SUB1               ; subtractor_1bit     ; work         ;
;          |full_adder:FA|     ; 1 (1)               ; 0 (0)                     ; 0                 ; 0          ; 0    ; 0            ; |top_subtractor_fpga|subtractor_4bit:SUB4|subtractor_1bit:SUB1|full_adder:FA ; full_adder          ; work         ;
;       |subtractor_1bit:SUB2| ; 2 (1)               ; 0 (0)                     ; 0                 ; 0          ; 0    ; 0            ; |top_subtractor_fpga|subtractor_4bit:SUB4|subtractor_1bit:SUB2               ; subtractor_1bit     ; work         ;
;          |full_adder:FA|     ; 1 (1)               ; 0 (0)                     ; 0                 ; 0          ; 0    ; 0            ; |top_subtractor_fpga|subtractor_4bit:SUB4|subtractor_1bit:SUB2|full_adder:FA ; full_adder          ; work         ;
;       |subtractor_1bit:SUB3| ; 2 (1)               ; 0 (0)                     ; 0                 ; 0          ; 0    ; 0            ; |top_subtractor_fpga|subtractor_4bit:SUB4|subtractor_1bit:SUB3               ; subtractor_1bit     ; work         ;
;          |full_adder:FA|     ; 1 (1)               ; 0 (0)                     ; 0                 ; 0          ; 0    ; 0            ; |top_subtractor_fpga|subtractor_4bit:SUB4|subtractor_1bit:SUB3|full_adder:FA ; full_adder          ; work         ;
+------------------------------+---------------------+---------------------------+-------------------+------------+------+--------------+------------------------------------------------------------------------------+---------------------+--------------+
Note: For table entries with two numbers listed, the numbers in parentheses indicate the number of resources of the given type used by the specific entity alone. The numbers listed outside of parentheses indicate the total resources of the given type used by the specific entity and all of its sub-entities in the hierarchy.


+------------------------------------------------------+
; General Register Statistics                          ;
+----------------------------------------------+-------+
; Statistic                                    ; Value ;
+----------------------------------------------+-------+
; Total registers                              ; 0     ;
; Number of registers using Synchronous Clear  ; 0     ;
; Number of registers using Synchronous Load   ; 0     ;
; Number of registers using Asynchronous Clear ; 0     ;
; Number of registers using Asynchronous Load  ; 0     ;
; Number of registers using Clock Enable       ; 0     ;
; Number of registers using Preset             ; 0     ;
+----------------------------------------------+-------+


+----------------------------------------------------------------------------------------------------------------+
; Port Connectivity Checks: "subtractor_4bit:SUB4|subtractor_1bit:SUB0|full_adder:FA"                            ;
+------+--------+----------+-------------------------------------------------------------------------------------+
; Port ; Type   ; Severity ; Details                                                                             ;
+------+--------+----------+-------------------------------------------------------------------------------------+
; cout ; Output ; Info     ; Connected to dangling logic. Logic that only feeds a dangling port will be removed. ;
+------+--------+----------+-------------------------------------------------------------------------------------+


+--------------------------------------------------+
; Port Connectivity Checks: "subtractor_4bit:SUB4" ;
+------+-------+----------+------------------------+
; Port ; Type  ; Severity ; Details                ;
+------+-------+----------+------------------------+
; bin  ; Input ; Info     ; Stuck at VCC           ;
+------+-------+----------+------------------------+


+-----------------------------------------------------+
; Post-Synthesis Netlist Statistics for Top Partition ;
+-----------------------+-----------------------------+
; Type                  ; Count                       ;
+-----------------------+-----------------------------+
; arriav_lcell_comb     ; 20                          ;
;     normal            ; 20                          ;
;         1 data inputs ; 4                           ;
;         2 data inputs ; 1                           ;
;         3 data inputs ; 2                           ;
;         4 data inputs ; 8                           ;
;         5 data inputs ; 1                           ;
;         6 data inputs ; 4                           ;
; boundary_port         ; 30                          ;
;                       ;                             ;
; Max LUT depth         ; 4.00                        ;
; Average LUT depth     ; 3.43                        ;
+-----------------------+-----------------------------+


+-------------------------------+
; Elapsed Time Per Partition    ;
+----------------+--------------+
; Partition Name ; Elapsed Time ;
+----------------+--------------+
; Top            ; 00:00:00     ;
+----------------+--------------+


+-------------------------------+
; Analysis & Synthesis Messages ;
+-------------------------------+
Info: *******************************************************************
Info: Running Quartus Prime Analysis & Synthesis
    Info: Version 20.1.1 Build 720 11/11/2020 SJ Lite Edition
    Info: Processing started: Sun Aug 17 22:08:10 2025
Info: Command: quartus_map --read_settings_files=on --write_settings_files=off full_subtractor -c full_subtractor
Warning (18236): Number of processors has not been specified which may cause overloading on shared machines.  Set the global assignment NUM_PARALLEL_PROCESSORS in your QSF to an appropriate value for best performance.
Info (20030): Parallel compilation is enabled and will use 10 of the 10 processors detected
Info (12021): Found 2 design units, including 1 entities, in source file full_adder.vhd
    Info (12022): Found design unit 1: full_adder-Behavioral File: C:/Users/gonza/Desktop/lab1 taller/mgonzalez_balpizar_digital_design-_lab_2025/Pregunta 2/full_adder.vhd Line: 15
    Info (12023): Found entity 1: full_adder File: C:/Users/gonza/Desktop/lab1 taller/mgonzalez_balpizar_digital_design-_lab_2025/Pregunta 2/full_adder.vhd Line: 5
Info (12021): Found 2 design units, including 1 entities, in source file tb_subtractor.vhd
    Info (12022): Found design unit 1: tb_subtractor-sim File: C:/Users/gonza/Desktop/lab1 taller/mgonzalez_balpizar_digital_design-_lab_2025/Pregunta 2/tb_subtractor.vhd Line: 7
    Info (12023): Found entity 1: tb_subtractor File: C:/Users/gonza/Desktop/lab1 taller/mgonzalez_balpizar_digital_design-_lab_2025/Pregunta 2/tb_subtractor.vhd Line: 4
Info (12021): Found 2 design units, including 1 entities, in source file subtractor_1bit.vhd
    Info (12022): Found design unit 1: subtractor_1bit-Structural File: C:/Users/gonza/Desktop/lab1 taller/mgonzalez_balpizar_digital_design-_lab_2025/Pregunta 2/subtractor_1bit.vhd Line: 14
    Info (12023): Found entity 1: subtractor_1bit File: C:/Users/gonza/Desktop/lab1 taller/mgonzalez_balpizar_digital_design-_lab_2025/Pregunta 2/subtractor_1bit.vhd Line: 4
Info (12021): Found 2 design units, including 1 entities, in source file subtractor_4bit.vhd
    Info (12022): Found design unit 1: subtractor_4bit-Structural File: C:/Users/gonza/Desktop/lab1 taller/mgonzalez_balpizar_digital_design-_lab_2025/Pregunta 2/subtractor_4bit.vhd Line: 14
    Info (12023): Found entity 1: subtractor_4bit File: C:/Users/gonza/Desktop/lab1 taller/mgonzalez_balpizar_digital_design-_lab_2025/Pregunta 2/subtractor_4bit.vhd Line: 4
Info (12021): Found 2 design units, including 1 entities, in source file display_7seg.vhd
    Info (12022): Found design unit 1: display_7seg-Behavioral File: C:/Users/gonza/Desktop/lab1 taller/mgonzalez_balpizar_digital_design-_lab_2025/Pregunta 2/display_7seg.vhd Line: 14
    Info (12023): Found entity 1: display_7seg File: C:/Users/gonza/Desktop/lab1 taller/mgonzalez_balpizar_digital_design-_lab_2025/Pregunta 2/display_7seg.vhd Line: 5
Info (12021): Found 2 design units, including 1 entities, in source file top_subtractor_fpga.vhd
    Info (12022): Found design unit 1: top_subtractor_fpga-Structural File: C:/Users/gonza/Desktop/lab1 taller/mgonzalez_balpizar_digital_design-_lab_2025/Pregunta 2/top_subtractor_fpga.vhd Line: 16
    Info (12023): Found entity 1: top_subtractor_fpga File: C:/Users/gonza/Desktop/lab1 taller/mgonzalez_balpizar_digital_design-_lab_2025/Pregunta 2/top_subtractor_fpga.vhd Line: 4
Info (12021): Found 2 design units, including 1 entities, in source file tb_top_subtractor_fpga.vhd
    Info (12022): Found design unit 1: tb_top_subtractor_fpga-Behavioral File: C:/Users/gonza/Desktop/lab1 taller/mgonzalez_balpizar_digital_design-_lab_2025/Pregunta 2/tb_top_subtractor_fpga.vhd Line: 8
    Info (12023): Found entity 1: tb_top_subtractor_fpga File: C:/Users/gonza/Desktop/lab1 taller/mgonzalez_balpizar_digital_design-_lab_2025/Pregunta 2/tb_top_subtractor_fpga.vhd Line: 4
Info (12127): Elaborating entity "top_subtractor_fpga" for the top level hierarchy
Info (12128): Elaborating entity "subtractor_4bit" for hierarchy "subtractor_4bit:SUB4" File: C:/Users/gonza/Desktop/lab1 taller/mgonzalez_balpizar_digital_design-_lab_2025/Pregunta 2/top_subtractor_fpga.vhd Line: 26
Info (12128): Elaborating entity "subtractor_1bit" for hierarchy "subtractor_4bit:SUB4|subtractor_1bit:SUB0" File: C:/Users/gonza/Desktop/lab1 taller/mgonzalez_balpizar_digital_design-_lab_2025/Pregunta 2/subtractor_4bit.vhd Line: 20
Warning (10036): Verilog HDL or VHDL warning at subtractor_1bit.vhd(16): object "Cout" assigned a value but never read File: C:/Users/gonza/Desktop/lab1 taller/mgonzalez_balpizar_digital_design-_lab_2025/Pregunta 2/subtractor_1bit.vhd Line: 16
Info (12128): Elaborating entity "full_adder" for hierarchy "subtractor_4bit:SUB4|subtractor_1bit:SUB0|full_adder:FA" File: C:/Users/gonza/Desktop/lab1 taller/mgonzalez_balpizar_digital_design-_lab_2025/Pregunta 2/subtractor_1bit.vhd Line: 22
Info (12128): Elaborating entity "display_7seg" for hierarchy "display_7seg:DISP" File: C:/Users/gonza/Desktop/lab1 taller/mgonzalez_balpizar_digital_design-_lab_2025/Pregunta 2/top_subtractor_fpga.vhd Line: 36
Info (286030): Timing-Driven Synthesis is running
Info (16010): Generating hard_block partition "hard_block:auto_generated_inst"
    Info (16011): Adding 0 node(s), including 0 DDIO, 0 PLL, 0 transceiver and 0 LCELL
Warning (21074): Design contains 1 input pin(s) that do not drive logic
    Warning (15610): No output dependent on input pin "SW[8]" File: C:/Users/gonza/Desktop/lab1 taller/mgonzalez_balpizar_digital_design-_lab_2025/Pregunta 2/top_subtractor_fpga.vhd Line: 6
Info (21057): Implemented 46 device resources after synthesis - the final resource count might be different
    Info (21058): Implemented 9 input pins
    Info (21059): Implemented 21 output pins
    Info (21061): Implemented 16 logic cells
Info: Quartus Prime Analysis & Synthesis was successful. 0 errors, 4 warnings
    Info: Peak virtual memory: 4862 megabytes
    Info: Processing ended: Sun Aug 17 22:08:18 2025
    Info: Elapsed time: 00:00:08
    Info: Total CPU time (on all processors): 00:00:18


